2026-03-30 00:07:59,235 | INFO  | Generating HIGH-VOLUME DRACO universe...
2026-03-30 00:07:59,253 | INFO  |   BTCUSDT 1h: 1 signals
2026-03-30 00:07:59,257 | INFO  |   BTCUSDT 4h: 1 signals
2026-03-30 00:07:59,264 | INFO  |   ETHUSDT 1h: 1 signals
2026-03-30 00:07:59,267 | INFO  |   ETHUSDT 4h: 1 signals
2026-03-30 00:07:59,273 | INFO  |   SOLUSDT 1h: 1 signals
2026-03-30 00:07:59,276 | INFO  |   SOLUSDT 4h: 1 signals
2026-03-30 00:07:59,281 | INFO  |   BNBUSDT 1h: 1 signals
2026-03-30 00:07:59,284 | INFO  |   BNBUSDT 4h: 1 signals
2026-03-30 00:07:59,290 | INFO  |   XRPUSDT 1h: 1 signals
2026-03-30 00:07:59,298 | INFO  |   ADAUSDT 1h: 1 signals
2026-03-30 00:07:59,301 | INFO  |   ADAUSDT 4h: 1 signals
2026-03-30 00:07:59,307 | INFO  |   LINKUSDT 1h: 1 signals
2026-03-30 00:07:59,309 | INFO  |   LINKUSDT 4h: 1 signals
2026-03-30 00:07:59,315 | INFO  |   DOTUSDT 1h: 1 signals
2026-03-30 00:07:59,318 | INFO  |   DOTUSDT 4h: 1 signals
2026-03-30 00:07:59,323 | INFO  |   LTCUSDT 1h: 1 signals
2026-03-30 00:07:59,325 | INFO  |   LTCUSDT 4h: 1 signals
2026-03-30 00:07:59,330 | INFO  |   BCHUSDT 1h: 1 signals
2026-03-30 00:07:59,333 | INFO  |   BCHUSDT 4h: 1 signals
2026-03-30 00:07:59,336 | INFO  |   MATICUSDT 4h: 1 signals
2026-03-30 00:07:59,340 | INFO  |   AVAXUSDT 1h: 1 signals
2026-03-30 00:07:59,342 | INFO  |   AVAXUSDT 4h: 1 signals
2026-03-30 00:07:59,347 | INFO  |   NEARUSDT 1h: 1 signals
2026-03-30 00:07:59,349 | INFO  |   NEARUSDT 4h: 1 signals
2026-03-30 00:07:59,353 | INFO  |   ATOMUSDT 1h: 1 signals
2026-03-30 00:07:59,356 | INFO  |   ATOMUSDT 4h: 1 signals
2026-03-30 00:07:59,361 | INFO  |   FILUSDT 1h: 1 signals
2026-03-30 00:07:59,363 | INFO  |   FILUSDT 4h: 1 signals
2026-03-30 00:07:59,368 | INFO  |   ICPUSDT 1h: 1 signals
2026-03-30 00:07:59,374 | INFO  |   STXUSDT 1h: 1 signals
2026-03-30 00:07:59,376 | INFO  |   STXUSDT 4h: 1 signals
2026-03-30 00:07:59,378 | INFO  |   RNDRUSDT 1h: 1 signals
2026-03-30 00:07:59,380 | INFO  |   RNDRUSDT 4h: 1 signals
2026-03-30 00:07:59,385 | INFO  |   FETUSDT 4h: 1 signals
2026-03-30 00:07:59,390 | INFO  |   GRTUSDT 1h: 1 signals
2026-03-30 00:07:59,392 | INFO  |   GRTUSDT 4h: 1 signals
2026-03-30 00:07:59,397 | INFO  |   INJUSDT 1h: 1 signals
2026-03-30 00:07:59,399 | INFO  |   INJUSDT 4h: 1 signals
2026-03-30 00:07:59,404 | INFO  |   THETAUSDT 1h: 1 signals
2026-03-30 00:07:59,406 | INFO  |   THETAUSDT 4h: 1 signals
2026-03-30 00:07:59,411 | INFO  |   ARUSDT 1h: 1 signals
2026-03-30 00:07:59,413 | INFO  |   ARUSDT 4h: 1 signals
2026-03-30 00:07:59,418 | INFO  |   OPUSDT 1h: 1 signals
2026-03-30 00:07:59,421 | INFO  |   OPUSDT 4h: 1 signals
2026-03-30 00:07:59,424 | INFO  |   ARBUSDT 1h: 1 signals
2026-03-30 00:07:59,429 | INFO  |   TIAUSDT 1h: 1 signals
2026-03-30 00:07:59,435 | INFO  |   SEIUSDT 1h: 1 signals
2026-03-30 00:07:59,437 | INFO  |   SEIUSDT 4h: 1 signals
2026-03-30 00:07:59,441 | INFO  |   SUIUSDT 1h: 1 signals
2026-03-30 00:07:59,443 | INFO  |   SUIUSDT 4h: 1 signals
2026-03-30 00:07:59,448 | INFO  |   APTUSDT 1h: 1 signals
2026-03-30 00:07:59,450 | INFO  |   APTUSDT 4h: 1 signals
2026-03-30 00:07:59,454 | INFO  |   VETUSDT 4h: 1 signals
2026-03-30 00:07:59,459 | INFO  |   PEPEUSDT 1h: 1 signals
2026-03-30 00:07:59,461 | INFO  |   PEPEUSDT 4h: 1 signals
2026-03-30 00:07:59,466 | INFO  |   SHIBUSDT 1h: 1 signals
2026-03-30 00:07:59,468 | INFO  |   SHIBUSDT 4h: 1 signals
2026-03-30 00:07:59,473 | INFO  |   DOGEUSDT 1h: 1 signals
2026-03-30 00:07:59,475 | INFO  |   DOGEUSDT 4h: 1 signals
2026-03-30 00:07:59,479 | INFO  |   BONKUSDT 1h: 1 signals
2026-03-30 00:07:59,481 | INFO  |   BONKUSDT 4h: 1 signals
2026-03-30 00:07:59,489 | INFO  |   FLOKIUSDT 1h: 1 signals
2026-03-30 00:07:59,491 | INFO  |   FLOKIUSDT 4h: 1 signals
2026-03-30 00:07:59,495 | INFO  |   MEMEUSDT 1h: 1 signals
2026-03-30 00:07:59,497 | INFO  |   MEMEUSDT 4h: 1 signals
2026-03-30 00:07:59,501 | INFO  |   ORDIUSDT 1h: 1 signals
2026-03-30 00:07:59,503 | INFO  |   ORDIUSDT 4h: 1 signals
2026-03-30 00:07:59,508 | INFO  |   1000SATSUSDT 4h: 1 signals
2026-03-30 00:07:59,512 | INFO  |   AAVEUSDT 4h: 1 signals
2026-03-30 00:07:59,519 | INFO  |   LDOUSDT 1h: 1 signals
2026-03-30 00:07:59,525 | INFO  |   UNIUSDT 4h: 1 signals
2026-03-30 00:07:59,529 | INFO  |   DYDXUSDT 1h: 1 signals
2026-03-30 00:07:59,531 | INFO  |   DYDXUSDT 4h: 1 signals
2026-03-30 00:07:59,535 | INFO  |   CRVUSDT 1h: 1 signals
2026-03-30 00:07:59,537 | INFO  |   CRVUSDT 4h: 1 signals
2026-03-30 00:07:59,541 | INFO  |   IMXUSDT 1h: 1 signals
2026-03-30 00:07:59,543 | INFO  |   IMXUSDT 4h: 1 signals
2026-03-30 00:07:59,547 | INFO  |   PYTHUSDT 4h: 1 signals
2026-03-30 00:07:59,552 | INFO  |   JUPUSDT 4h: 1 signals
2026-03-30 00:07:59,555 | INFO  |   ENAUSDT 1h: 1 signals
2026-03-30 00:07:59,557 | INFO  |   ENAUSDT 4h: 1 signals
2026-03-30 00:07:59,560 | INFO  |   WUSDT 1h: 1 signals
2026-03-30 00:07:59,562 | INFO  |   WUSDT 4h: 1 signals
2026-03-30 00:07:59,565 | INFO  | DRACO UNIVERSE COMPLETED: 83 signals
